<?xml version="1.0" encoding="UTF-8"?>
<WMS_Capabilities xmlns="http://www.opengis.net/wms" xmlns:inspire_common="http://inspire.ec.europa.eu/schemas/common/1.0" xmlns:inspire_vs="http://inspire.ec.europa.eu/schemas/inspire_vs/1.0" xmlns:xlink="http://www.w3.org/1999/xlink" xmlns:xsi="http://www.w3.org/2001/XMLSchema-instance" version="1.3.0" xsi:schemaLocation="http://www.opengis.net/wms http://schemas.opengis.net/wms/1.3.0/capabilities_1_3_0.xsd  http://inspire.ec.europa.eu/schemas/inspire_vs/1.0 http://inspire.ec.europa.eu/schemas/inspire_vs/1.0/inspire_vs.xsd http://inspire.ec.europa.eu/schemas/common/1.0 http://inspire.ec.europa.eu/schemas/common/1.0/common.xsd">
  <Service>
    <Name>WMS</Name>
    <Title>Service WMS Raster INSPIRE</Title>
    <Abstract>Ce service permet la visualisation de couches de données raster IGN au travers d'un flux WMS</Abstract>
    <KeywordList>
      <Keyword>WMS</Keyword>
      <Keyword>infoMapAccessService</Keyword>
      <Keyword>Parcelles cadastrales</Keyword>
      <Keyword>Photographies aériennes</Keyword>
      <Keyword>Cartes</Keyword>
      <Keyword>Cartes historiques</Keyword>
      <Keyword>Altitude</Keyword>
    </KeywordList>
    <OnlineResource xlink:href="http://wxs.ign.fr" xmlns:xlink="http://www.w3.org/1999/xlink"/>
    <ContactInformation>
      <ContactPersonPrimary>
        <ContactPerson>Géoportail SAV</ContactPerson>
        <ContactOrganization>IGN</ContactOrganization>
      </ContactPersonPrimary>
      <ContactPosition>custodian</ContactPosition>
      <ContactAddress>
        <AddressType/>
        <Address>73 avenue de Paris</Address>
        <City>Saint Mandé</City>
        <StateOrProvince/>
        <PostCode>94160</PostCode>
        <Country>France</Country>
      </ContactAddress>
      <ContactVoiceTelephone/>
      <ContactFacsimileTelephone/>
      <ContactElectronicMailAddress>geop_services@geoportail.fr</ContactElectronicMailAddress>
    </ContactInformation>
    <Fees>no conditions apply</Fees>
    <AccessConstraints>Conditions Générales d'Utilisation disponibles ici : http://professionnels.ign.fr/doc/Conditions_d_utilisation_des_licences_et_des_services_en_ligne.pdf</AccessConstraints>
    <LayerLimit>1</LayerLimit>
    <MaxWidth>2048</MaxWidth>
    <MaxHeight>2048</MaxHeight>
  </Service>
  <Capability>
    <Request>
      <GetCapabilities>
        <Format>text/xml</Format>
        <DCPType>
          <HTTP>
            <Get>
              <OnlineResource xlink:href="http://wxs.ign.fr/jhyvi0fgmnuxvfv0zjzorvdn/inspire/r/wms?" xlink:type="simple" xmlns:xlink="http://www.w3.org/1999/xlink"/>
            </Get>
          </HTTP>
        </DCPType>
      </GetCapabilities>
      <GetMap>
        <Format>image/jpeg</Format>
        <Format>image/png</Format>
        <Format>image/tiff</Format>
        <Format>image/geotiff</Format>
        <Format>image/x-bil;bits=32</Format>
        <DCPType>
          <HTTP>
            <Get>
              <OnlineResource xlink:href="http://wxs.ign.fr/jhyvi0fgmnuxvfv0zjzorvdn/inspire/r/wms?" xlink:type="simple" xmlns:xlink="http://www.w3.org/1999/xlink"/>
            </Get>
          </HTTP>
        </DCPType>
      </GetMap>
      <GetFeatureInfo>
        <Format>text/plain</Format>
        <Format>text/html</Format>
        <Format>text/xml</Format>
        <Format>application/xml</Format>
        <Format>application/json</Format>
        <DCPType>
          <HTTP>
            <Get>
              <OnlineResource xlink:href="http://wxs.ign.fr/jhyvi0fgmnuxvfv0zjzorvdn/inspire/r/wms?" xlink:type="simple" xmlns:xlink="http://www.w3.org/1999/xlink"/>
            </Get>
          </HTTP>
        </DCPType>
      </GetFeatureInfo>
    </Request>
    <Exception>
      <Format>XML</Format>
    </Exception>
    <inspire_vs:ExtendedCapabilities>
      <inspire_common:MetadataUrl>
        <inspire_common:URL>http://www.geocatalogue.fr/api-public/servicesRest?SERVICE=CSW&amp;VERSION=2.0.2&amp;REQUEST=GetRecordById&amp;outputSchema=http://www.isotc211.org/2005/gmd&amp;elementSetName=full&amp;Id=IGNF_INSPIRE_R_WMS.xml</inspire_common:URL>
        <inspire_common:MediaType>application/vnd.ogc.csw.GetRecordByIdResponse_xml</inspire_common:MediaType>
      </inspire_common:MetadataUrl>
      <inspire_common:SupportedLanguages>
        <inspire_common:DefaultLanguage>
          <inspire_common:Language>fre</inspire_common:Language>
        </inspire_common:DefaultLanguage>
      </inspire_common:SupportedLanguages>
      <inspire_common:ResponseLanguage>
        <inspire_common:Language>fre</inspire_common:Language>
      </inspire_common:ResponseLanguage>
    </inspire_vs:ExtendedCapabilities>
    <Layer>
      <Title>cache IGN</Title>
      <Abstract>Cache IGN</Abstract>
      <CRS>EPSG:4171</CRS>
      <CRS>IGNF:RGF93G</CRS>
      <CRS>EPSG:4258</CRS>
      <CRS>EPSG:4463</CRS>
      <CRS>EPSG:4470</CRS>
      <CRS>EPSG:4558</CRS>
      <CRS>EPSG:4624</CRS>
      <CRS>IGNF:RGFG95GEO</CRS>
      <CRS>EPSG:4627</CRS>
      <CRS>EPSG:4687</CRS>
      <CRS>EPSG:4749</CRS>
      <Layer>
        <Name>OI.OrthoimageCoverage</Name>
        <Title>BDORTHO WM - D033 2015</Title>
        <Abstract>Le produit BD ORTHO® V3 est une collection de mosaïques d'orthophotographies numériques en couleurs ou en Infra Rouge couleurs, rectifiées dans la projection adaptée au territoire couvert. La BD ORTHO® V3 se compose d'images numériques (sans habillage ni surcharge) et d'indications de géoréférencement. Le contenu informationnel permet localement une utilisation jusqu'au 1 :2,000ième pour mettre en valeur le territoire, enrichir la visualisation des données et des projets.</Abstract>
        <KeywordList>
          <Keyword>ortho-imagery</Keyword>
        </KeywordList>
        <CRS>EPSG:4639</CRS>
        <CRS>IGNF:REUN47GEO</CRS>
        <CRS>IGNF:RGR92GEO</CRS>
        <CRS>IGNF:MART38GEO</CRS>
        <CRS>EPSG:4625</CRS>
        <CRS>IGNF:MAYO50GEO</CRS>
        <CRS>IGNF:RGM04GEO</CRS>
        <CRS>EPSG:4632</CRS>
        <CRS>IGNF:CSG67GEO</CRS>
        <CRS>EPSG:4623</CRS>
        <CRS>IGNF:GUADFM49GEO</CRS>
        <CRS>IGNF:GUAD48GEO</CRS>
        <CRS>EPSG:4621</CRS>
        <CRS>EPSG:4622</CRS>
        <EX_GeographicBoundingBox>
          <westBoundLongitude>-178.187136618</westBoundLongitude>
          <eastBoundLongitude>55.856111135</eastBoundLongitude>
          <southBoundLatitude>-21.401329450</southBoundLatitude>
          <northBoundLatitude>51.090964667</northBoundLatitude>
        </EX_GeographicBoundingBox>
        <BoundingBox CRS="EPSG:4639" maxx="-12.998742731" maxy="-176.001376445" minx="-13.998741057" miny="-177.001342673"/>
        <BoundingBox CRS="EPSG:4626" maxx="-20.787545535" maxy="55.805887938" minx="-21.387558739" miny="55.205937563"/>
        <BoundingBox CRS="IGNF:REUN47GEO" maxx="55.862020280" maxy="-20.737474306" minx="55.175785491" miny="-21.388989153"/>
        <BoundingBox CRS="IGNF:RGR92GEO" maxx="55.856111135" maxy="-20.750000000" minx="55.170000000" miny="-21.401329450"/>
        <BoundingBox CRS="IGNF:MART38GEO" maxx="-60.753680277" maxy="14.998326520" minx="-61.233681422" miny="14.268329925"/>
        <BoundingBox CRS="EPSG:4625" maxx="14.928323368" maxy="-60.773686558" minx="14.348326568" miny="-61.283668825"/>
        <BoundingBox CRS="IGNF:MAYO50GEO" maxx="45.397857737" maxy="-12.497490606" minx="44.947898830" miny="-13.047459342"/>
        <BoundingBox CRS="IGNF:RGM04GEO" maxx="45.40" maxy="-12.50" minx="44.95" miny="-13.05"/>
        <BoundingBox CRS="EPSG:4632" maxx="-12.597424202" maxy="45.317882089" minx="-12.997421967" miny="44.967896288"/>
        <BoundingBox CRS="IGNF:CSG67GEO" maxx="-51.049998260" maxy="5.948916249" minx="-54.949828888" miny="2.048969781"/>
        <BoundingBox CRS="EPSG:4623" maxx="5.808906003" maxy="-51.619972858" minx="3.428945360" miny="-54.449841567"/>
        <BoundingBox CRS="IGNF:GUADFM49GEO" maxx="-62.252230136" maxy="18.183737421" minx="-63.182210437" miny="17.823734629"/>
        <BoundingBox CRS="IGNF:GUAD48GEO" maxx="-60.766105646" maxy="16.602518691" minx="-61.826091109" miny="15.622516827"/>
        <BoundingBox CRS="EPSG:4621" maxx="18.173734797" maxy="-62.732220601" minx="17.833736870" miny="-63.202212561"/>
        <BoundingBox CRS="EPSG:4622" maxx="16.542517524" maxy="-60.966102081" minx="15.802516794" miny="-61.846086478"/>
        <BoundingBox CRS="EPSG:4171" maxx="51.090964667" maxy="10.300000000" minx="41.180000000" miny="-9.620000000"/>
        <BoundingBox CRS="IGNF:RGF93G" maxx="10.000000000" maxy="51.090964667" minx="-5.500000000" miny="41.000000000"/>
        <BoundingBox CRS="EPSG:4258" maxx="51.090964667" maxy="31.550000000" minx="34.500000000" miny="-10.670000000"/>
        <BoundingBox CRS="EPSG:4326" maxx="51.090964667" maxy="55.856111135" minx="-21.401329450" miny="-178.187136618"/>
        <BoundingBox CRS="IGNF:WGS84G" maxx="55.856111135" maxy="51.090964667" minx="-178.187136618" miny="-21.401329450"/>
        <BoundingBox CRS="EPSG:4463" maxx="47.37" maxy="-55.90" minx="43.42" miny="-57.10"/>
        <BoundingBox CRS="EPSG:4470" maxx="-11.32" maxy="45.77" minx="-14.37" miny="44.13"/>
        <BoundingBox CRS="EPSG:4558" maxx="18.53" maxy="-57.53" minx="14.08" miny="-63.66"/>
        <BoundingBox CRS="EPSG:4624" maxx="8.88" maxy="-49.46" minx="2.11" miny="-54.60"/>
        <BoundingBox CRS="IGNF:RGFG95GEO" maxx="-51.05" maxy="5.95" minx="-54.95" miny="2.05"/>
        <BoundingBox CRS="EPSG:4627" maxx="-10.600000000" maxy="55.856111135" minx="-21.401329450" miny="37.580000000"/>
        <BoundingBox CRS="EPSG:4687" maxx="-7.000000204" maxy="-132.000002021" minx="-21.401332324" miny="-155.000004560"/>
        <BoundingBox CRS="EPSG:4749" maxx="-17.260000000" maxy="0.000000000" minx="-21.401329450" miny="0.000000000"/>
        <BoundingBox CRS="CRS:84" maxx="55.856111135" maxy="51.090964667" minx="-178.187136618" miny="-21.401329450"/>
        <MetadataURL type="INSPIRE">
          <Format>xml</Format>
          <OnlineResource xlink:href="http://wxs.ign.fr/inspire/csw?service=CSW&amp;version=2.0.2&amp;request=GetRecordById&amp;Id=IGNF_BDORTHOr_2-0.xml" xlink:type="simple"/>
        </MetadataURL>
        <Style>
          <Name>inspire_common:DEFAULT</Name>
          <Title>Style INSPIRE</Title>
          <Abstract>Style par défault INSPIRE</Abstract>
          <LegendURL height="100" width="100">
            <Format>image/png</Format>
            <OnlineResource xlink:href="http://ign.fr/inspire" xlink:type="simple"/>
          </LegendURL>
        </Style>
        <MinScaleDenominator>267.857142857</MinScaleDenominator>
        <MaxScaleDenominator>559082264.285714269</MaxScaleDenominator>
      </Layer>
      <Layer>
        <Name>OI.OrthoimageCoverage.HR</Name>
        <Title>BDORTHOHR WM - 033 2015</Title>
        <Abstract>Le produit BD ORTHO® V3 est une collection de mosaïques d'orthophotographies numériques en couleurs ou en Infra Rouge couleurs, rectifiées dans la projection adaptée au territoire couvert. La BD ORTHO® V3 se compose d'images numériques (sans habillage ni surcharge) et d'indications de géoréférencement. Le contenu informationnel permet localement une utilisation jusqu'au 1 :2,000ième pour mettre en valeur le territoire, enrichir la visualisation des données et des projets.</Abstract>
        <KeywordList>
          <Keyword>ortho</Keyword>
        </KeywordList>
        <CRS>IGNF:REUN47GEO</CRS>
        <CRS>IGNF:RGR92GEO</CRS>
        <CRS>IGNF:MART38GEO</CRS>
        <CRS>EPSG:4625</CRS>
        <CRS>IGNF:MAYO50GEO</CRS>
        <CRS>IGNF:RGM04GEO</CRS>
        <CRS>EPSG:4632</CRS>
        <CRS>IGNF:GUADFM49GEO</CRS>
        <CRS>IGNF:GUAD48GEO</CRS>
        <CRS>EPSG:4621</CRS>
        <CRS>EPSG:4622</CRS>
        <EX_GeographicBoundingBox>
          <westBoundLongitude>-63.160703679</westBoundLongitude>
          <eastBoundLongitude>55.846431162</eastBoundLongitude>
          <southBoundLatitude>-21.401263115</southBoundLatitude>
          <northBoundLatitude>51.090964667</northBoundLatitude>
        </EX_GeographicBoundingBox>
        <BoundingBox CRS="EPSG:4626" maxx="-20.787545535" maxy="55.805887938" minx="-21.387558739" miny="55.205937563"/>
        <BoundingBox CRS="IGNF:REUN47GEO" maxx="55.852341182" maxy="-20.737474306" minx="55.175785510" miny="-21.388920363"/>
        <BoundingBox CRS="IGNF:RGR92GEO" maxx="55.846431162" maxy="-20.750000000" minx="55.170000000" miny="-21.401263115"/>
        <BoundingBox CRS="IGNF:MART38GEO" maxx="-60.753680277" maxy="14.998326520" minx="-61.233681422" miny="14.268329925"/>
        <BoundingBox CRS="EPSG:4625" maxx="14.928323368" maxy="-60.773686558" minx="14.348326568" miny="-61.283668825"/>
        <BoundingBox CRS="IGNF:MAYO50GEO" maxx="45.397857737" maxy="-12.497490606" minx="44.947898830" miny="-13.047459342"/>
        <BoundingBox CRS="IGNF:RGM04GEO" maxx="45.40" maxy="-12.50" minx="44.95" miny="-13.05"/>
        <BoundingBox CRS="EPSG:4632" maxx="-12.597424202" maxy="45.317882089" minx="-12.997421967" miny="44.967896288"/>
        <BoundingBox CRS="IGNF:GUADFM49GEO" maxx="-62.252230136" maxy="18.183737421" minx="-63.162914625" miny="17.823734847"/>
        <BoundingBox CRS="IGNF:GUAD48GEO" maxx="-60.766105646" maxy="16.602518691" minx="-61.826091109" miny="15.622516827"/>
        <BoundingBox CRS="EPSG:4621" maxx="18.173734798" maxy="-62.732220601" minx="17.833737315" miny="-63.162917275"/>
        <BoundingBox CRS="EPSG:4622" maxx="16.542517524" maxy="-60.966102081" minx="15.802516794" miny="-61.846086478"/>
        <BoundingBox CRS="EPSG:4171" maxx="51.090964667" maxy="10.300000000" minx="41.180000000" miny="-9.620000000"/>
        <BoundingBox CRS="IGNF:RGF93G" maxx="10.000000000" maxy="51.090964667" minx="-5.500000000" miny="41.000000000"/>
        <BoundingBox CRS="EPSG:4258" maxx="51.090964667" maxy="31.550000000" minx="34.500000000" miny="-10.670000000"/>
        <BoundingBox CRS="EPSG:4326" maxx="51.090964667" maxy="55.846431162" minx="-21.401263115" miny="-63.160703679"/>
        <BoundingBox CRS="IGNF:WGS84G" maxx="55.846431162" maxy="51.090964667" minx="-63.160703679" miny="-21.401263115"/>
        <BoundingBox CRS="EPSG:4463" maxx="47.37" maxy="-55.90" minx="43.42" miny="-57.10"/>
        <BoundingBox CRS="EPSG:4470" maxx="-11.32" maxy="45.77" minx="-14.37" miny="44.13"/>
        <BoundingBox CRS="EPSG:4558" maxx="18.530000000" maxy="-57.530000000" minx="14.080000000" miny="-63.160703679"/>
        <BoundingBox CRS="EPSG:4624" maxx="8.88" maxy="-49.46" minx="2.11" miny="-54.60"/>
        <BoundingBox CRS="IGNF:RGFG95GEO" maxx="-51.05" maxy="5.95" minx="-54.95" miny="2.05"/>
        <BoundingBox CRS="EPSG:4627" maxx="-10.600000000" maxy="55.846431162" minx="-21.401263115" miny="37.580000000"/>
        <BoundingBox CRS="EPSG:4687" maxx="-6.999997796" maxy="0.000008813" minx="-21.401261208" miny="0.000007153"/>
        <BoundingBox CRS="EPSG:4749" maxx="-17.260000000" maxy="0.000000000" minx="-21.401263115" miny="0.000000000"/>
        <BoundingBox CRS="CRS:84" maxx="55.846431162" maxy="51.090964667" minx="-63.160703679" miny="-21.401263115"/>
        <MetadataURL type="INSPIRE">
          <Format>xml</Format>
          <OnlineResource xlink:href="http://wxs.ign.fr/inspire/csw?service=CSW&amp;version=2.0.2&amp;request=GetRecordById&amp;Id=IGNF_BDORTHOr_2-0.xml" xlink:type="simple"/>
        </MetadataURL>
        <Style>
          <Name>inspire_common:DEFAULT</Name>
          <Title>Style INSPIRE</Title>
          <Abstract>Style par défault INSPIRE</Abstract>
          <LegendURL height="100" width="100">
            <Format>image/png</Format>
            <OnlineResource xlink:href="http://ign.fr/inspire" xlink:type="simple"/>
          </LegendURL>
        </Style>
        <MinScaleDenominator>267.857142857</MinScaleDenominator>
        <MaxScaleDenominator>559082264.285714269</MaxScaleDenominator>
      </Layer>
    </Layer>
  </Capability>
</WMS_Capabilities>
